<?xml version="1.0" encoding="UTF-8"?>
<testng-results skipped="0" failed="0" ignored="0" total="1" passed="1">
  <reporter-output>
  </reporter-output>
  <suite name="Default suite" duration-ms="26204" started-at="2020-08-11T11:24:17 IST" finished-at="2020-08-11T11:24:43 IST">
    <groups>
    </groups>
    <test name="Default test" duration-ms="26204" started-at="2020-08-11T11:24:17 IST" finished-at="2020-08-11T11:24:43 IST">
      <class name="test.HotelBookTest">
        <test-method status="PASS" signature="bookingverify()[pri:0, instance:test.HotelBookTest@71ba6d4e]" name="bookingverify" duration-ms="25983" started-at="2020-08-11T11:24:17 IST" finished-at="2020-08-11T11:24:43 IST">
          <reporter-output>
          </reporter-output>
        </test-method> <!-- bookingverify -->
      </class> <!-- test.HotelBookTest -->
    </test> <!-- Default test -->
  </suite> <!-- Default suite -->
</testng-results>
